122  DEBUG [2015-01-27 17:25:03]  http-outgoing-0 >> "User-Agent: Apache-HttpClient/4.3.1 (java 1.5)[\r][\n]"
122  DEBUG [2015-01-27 17:25:03]  http-outgoing-0 >> "Accept-Encoding: gzip,deflate[\r][\n]"
122  DEBUG [2015-01-27 17:25:03]  http-outgoing-0 >> "[\r][\n]"
901  DEBUG [2015-01-27 17:25:03]  http-outgoing-0 << "HTTP/1.1 200 OK[\r][\n]"
901  DEBUG [2015-01-27 17:25:03]  http-outgoing-0 << "Server: nginx/1.4.7[\r][\n]"
901  DEBUG [2015-01-27 17:25:03]  http-outgoing-0 << "Date: Tue, 27 Jan 2015 09:25:03 GMT[\r][\n]"
902  DEBUG [2015-01-27 17:25:03]  http-outgoing-0 << "Content-Type: text/json; charset=utf-8[\r][\n]"
902  DEBUG [2015-01-27 17:25:03]  http-outgoing-0 << "Transfer-Encoding: chunked[\r][\n]"
902  DEBUG [2015-01-27 17:25:03]  http-outgoing-0 << "Connection: keep-alive[\r][\n]"
902  DEBUG [2015-01-27 17:25:03]  http-outgoing-0 << "Access-Control-Allow-Origin: *[\r][\n]"
903  DEBUG [2015-01-27 17:25:03]  http-outgoing-0 << "[\r][\n]"
903  DEBUG [2015-01-27 17:25:03]  http-outgoing-0 << "2e[\r][\n]"
903  DEBUG [2015-01-27 17:25:03]  http-outgoing-0 << "{"code":100000,"text":"[0xe5][0xbe][0x88][0xe9][0xab][0x98][0xe5][0x85][0xb4][0xe5][0x92][0x8c][0xe4][0xbd][0xa0][0xe8][0x81][0x8a][0xe5][0xa4][0xa9]"}[\r][\n]"
903  DEBUG [2015-01-27 17:25:03]  http-outgoing-0 << "0[\r][\n]"
903  DEBUG [2015-01-27 17:25:03]  http-outgoing-0 << "[\r][\n]"
905  DEBUG [2015-01-27 17:25:03]  http-outgoing-0 << HTTP/1.1 200 OK
905  DEBUG [2015-01-27 17:25:03]  http-outgoing-0 << Server: nginx/1.4.7
905  DEBUG [2015-01-27 17:25:03]  http-outgoing-0 << Date: Tue, 27 Jan 2015 09:25:03 GMT
905  DEBUG [2015-01-27 17:25:03]  http-outgoing-0 << Content-Type: text/json; charset=utf-8
905  DEBUG [2015-01-27 17:25:03]  http-outgoing-0 << Transfer-Encoding: chunked
905  DEBUG [2015-01-27 17:25:03]  http-outgoing-0 << Connection: keep-alive
906  DEBUG [2015-01-27 17:25:03]  http-outgoing-0 << Access-Control-Allow-Origin: *
909  DEBUG [2015-01-27 17:25:03]  Connection can be kept alive indefinitely
920  DEBUG [2015-01-27 17:25:03]  Connection [id: 0][route: {}->http://www.tuling123.com:80] can be kept alive indefinitely
920  DEBUG [2015-01-27 17:25:03]  Connection released: [id: 0][route: {}->http://www.tuling123.com:80][total kept alive: 1; route allocated: 1 of 2; total allocated: 1 of 20]
0    DEBUG [2015-01-27 17:36:01]  CookieSpec selected: best-match
11   DEBUG [2015-01-27 17:36:01]  Auth cache not set in the context
13   DEBUG [2015-01-27 17:36:01]  Connection request: [route: {}->http://www.tuling123.com:80][total kept alive: 0; route allocated: 0 of 2; total allocated: 0 of 20]
29   DEBUG [2015-01-27 17:36:01]  Connection leased: [id: 0][route: {}->http://www.tuling123.com:80][total kept alive: 0; route allocated: 1 of 2; total allocated: 1 of 20]
39   DEBUG [2015-01-27 17:36:01]  Opening connection {}->http://www.tuling123.com:80
48   DEBUG [2015-01-27 17:36:01]  Connecting to www.tuling123.com/182.92.110.58:80
116  DEBUG [2015-01-27 17:36:01]  Executing request GET /openapi/api?key=f4fcea951c6a9daf4aa498fc98e2461b&info=%E6%9C%80%E8%BF%91%E5%A5%BD%E7%9C%8B%E7%9A%84%E7%94%B5%E5%BD%B1 HTTP/1.1
116  DEBUG [2015-01-27 17:36:01]  Target auth state: UNCHALLENGED
117  DEBUG [2015-01-27 17:36:01]  Proxy auth state: UNCHALLENGED
119  DEBUG [2015-01-27 17:36:01]  http-outgoing-0 >> GET /openapi/api?key=f4fcea951c6a9daf4aa498fc98e2461b&info=%E6%9C%80%E8%BF%91%E5%A5%BD%E7%9C%8B%E7%9A%84%E7%94%B5%E5%BD%B1 HTTP/1.1
119  DEBUG [2015-01-27 17:36:01]  http-outgoing-0 >> Host: www.tuling123.com
119  DEBUG [2015-01-27 17:36:01]  http-outgoing-0 >> Connection: Keep-Alive
119  DEBUG [2015-01-27 17:36:01]  http-outgoing-0 >> User-Agent: Apache-HttpClient/4.3.1 (java 1.5)
119  DEBUG [2015-01-27 17:36:01]  http-outgoing-0 >> Accept-Encoding: gzip,deflate
119  DEBUG [2015-01-27 17:36:01]  http-outgoing-0 >> "GET /openapi/api?key=f4fcea951c6a9daf4aa498fc98e2461b&info=%E6%9C%80%E8%BF%91%E5%A5%BD%E7%9C%8B%E7%9A%84%E7%94%B5%E5%BD%B1 HTTP/1.1[\r][\n]"
119  DEBUG [2015-01-27 17:36:01]  http-outgoing-0 >> "Host: www.tuling123.com[\r][\n]"
119  DEBUG [2015-01-27 17:36:01]  http-outgoing-0 >> "Connection: Keep-Alive[\r][\n]"
119  DEBUG [2015-01-27 17:36:01]  http-outgoing-0 >> "User-Agent: Apache-HttpClient/4.3.1 (java 1.5)[\r][\n]"
120  DEBUG [2015-01-27 17:36:01]  http-outgoing-0 >> "Accept-Encoding: gzip,deflate[\r][\n]"
120  DEBUG [2015-01-27 17:36:01]  http-outgoing-0 >> "[\r][\n]"
703  DEBUG [2015-01-27 17:36:01]  http-outgoing-0 << "HTTP/1.1 200 OK[\r][\n]"
703  DEBUG [2015-01-27 17:36:01]  http-outgoing-0 << "Server: nginx/1.4.7[\r][\n]"
703  DEBUG [2015-01-27 17:36:01]  http-outgoing-0 << "Date: Tue, 27 Jan 2015 09:36:01 GMT[\r][\n]"
703  DEBUG [2015-01-27 17:36:01]  http-outgoing-0 << "Content-Type: text/json; charset=utf-8[\r][\n]"
703  DEBUG [2015-01-27 17:36:01]  http-outgoing-0 << "Transfer-Encoding: chunked[\r][\n]"
703  DEBUG [2015-01-27 17:36:01]  http-outgoing-0 << "Connection: keep-alive[\r][\n]"
703  DEBUG [2015-01-27 17:36:01]  http-outgoing-0 << "Access-Control-Allow-Origin: *[\r][\n]"
704  DEBUG [2015-01-27 17:36:01]  http-outgoing-0 << "[\r][\n]"
704  DEBUG [2015-01-27 17:36:01]  http-outgoing-0 << "66[\r][\n]"
704  DEBUG [2015-01-27 17:36:01]  http-outgoing-0 << "{"code":200000,"text":"[0xe4][0xba][0xb2][0xef][0xbc][0x8c][0xe5][0xb7][0xb2][0xe5][0xb8][0xae][0xe6][0x82][0xa8][0xe6][0x89][0xbe][0xe5][0x88][0xb0][0xe7][0x94][0xb5][0xe5][0xbd][0xb1]","url":"http://m.wangpiao.com/WpTouch/touch/index"}[\r][\n]"
704  DEBUG [2015-01-27 17:36:01]  http-outgoing-0 << "0[\r][\n]"
704  DEBUG [2015-01-27 17:36:01]  http-outgoing-0 << "[\r][\n]"
706  DEBUG [2015-01-27 17:36:01]  http-outgoing-0 << HTTP/1.1 200 OK
706  DEBUG [2015-01-27 17:36:01]  http-outgoing-0 << Server: nginx/1.4.7
706  DEBUG [2015-01-27 17:36:01]  http-outgoing-0 << Date: Tue, 27 Jan 2015 09:36:01 GMT
707  DEBUG [2015-01-27 17:36:01]  http-outgoing-0 << Content-Type: text/json; charset=utf-8
707  DEBUG [2015-01-27 17:36:01]  http-outgoing-0 << Transfer-Encoding: chunked
707  DEBUG [2015-01-27 17:36:01]  http-outgoing-0 << Connection: keep-alive
707  DEBUG [2015-01-27 17:36:01]  http-outgoing-0 << Access-Control-Allow-Origin: *
711  DEBUG [2015-01-27 17:36:01]  Connection can be kept alive indefinitely
722  DEBUG [2015-01-27 17:36:01]  Connection [id: 0][route: {}->http://www.tuling123.com:80] can be kept alive indefinitely
722  DEBUG [2015-01-27 17:36:01]  Connection released: [id: 0][route: {}->http://www.tuling123.com:80][total kept alive: 1; route allocated: 1 of 2; total allocated: 1 of 20]
0    DEBUG [2015-01-27 17:37:10]  CookieSpec selected: best-match
12   DEBUG [2015-01-27 17:37:10]  Auth cache not set in the context
14   DEBUG [2015-01-27 17:37:10]  Connection request: [route: {}->http://www.tuling123.com:80][total kept alive: 0; route allocated: 0 of 2; total allocated: 0 of 20]
32   DEBUG [2015-01-27 17:37:10]  Connection leased: [id: 0][route: {}->http://www.tuling123.com:80][total kept alive: 0; route allocated: 1 of 2; total allocated: 1 of 20]
47   DEBUG [2015-01-27 17:37:10]  Opening connection {}->http://www.tuling123.com:80
53   DEBUG [2015-01-27 17:37:10]  Connecting to www.tuling123.com/182.92.110.58:80
120  DEBUG [2015-01-27 17:37:10]  Executing request GET /openapi/api?key=f4fcea951c6a9daf4aa498fc98e2461b&info=%E6%9C%80%E8%BF%91%E5%A5%BD%E7%9C%8B%E7%9A%84%E7%94%B5%E5%BD%B1 HTTP/1.1
120  DEBUG [2015-01-27 17:37:10]  Target auth state: UNCHALLENGED
121  DEBUG [2015-01-27 17:37:10]  Proxy auth state: UNCHALLENGED
123  DEBUG [2015-01-27 17:37:10]  http-outgoing-0 >> GET /openapi/api?key=f4fcea951c6a9daf4aa498fc98e2461b&info=%E6%9C%80%E8%BF%91%E5%A5%BD%E7%9C%8B%E7%9A%84%E7%94%B5%E5%BD%B1 HTTP/1.1
123  DEBUG [2015-01-27 17:37:10]  http-outgoing-0 >> Host: www.tuling123.com
123  DEBUG [2015-01-27 17:37:10]  http-outgoing-0 >> Connection: Keep-Alive
124  DEBUG [2015-01-27 17:37:10]  http-outgoing-0 >> User-Agent: Apache-HttpClient/4.3.1 (java 1.5)
124  DEBUG [2015-01-27 17:37:10]  http-outgoing-0 >> Accept-Encoding: gzip,deflate
124  DEBUG [2015-01-27 17:37:10]  http-outgoing-0 >> "GET /openapi/api?key=f4fcea951c6a9daf4aa498fc98e2461b&info=%E6%9C%80%E8%BF%91%E5%A5%BD%E7%9C%8B%E7%9A%84%E7%94%B5%E5%BD%B1 HTTP/1.1[\r][\n]"
124  DEBUG [2015-01-27 17:37:10]  http-outgoing-0 >> "Host: www.tuling123.com[\r][\n]"
124  DEBUG [2015-01-27 17:37:10]  http-outgoing-0 >> "Connection: Keep-Alive[\r][\n]"
124  DEBUG [2015-01-27 17:37:10]  http-outgoing-0 >> "User-Agent: Apache-HttpClient/4.3.1 (java 1.5)[\r][\n]"
124  DEBUG [2015-01-27 17:37:10]  http-outgoing-0 >> "Accept-Encoding: gzip,deflate[\r][\n]"
124  DEBUG [2015-01-27 17:37:10]  http-outgoing-0 >> "[\r][\n]"
691  DEBUG [2015-01-27 17:37:11]  http-outgoing-0 << "HTTP/1.1 200 OK[\r][\n]"
691  DEBUG [2015-01-27 17:37:11]  http-outgoing-0 << "Server: nginx/1.4.7[\r][\n]"
691  DEBUG [2015-01-27 17:37:11]  http-outgoing-0 << "Date: Tue, 27 Jan 2015 09:37:10 GMT[\r][\n]"
691  DEBUG [2015-01-27 17:37:11]  http-outgoing-0 << "Content-Type: text/json; charset=utf-8[\r][\n]"
692  DEBUG [2015-01-27 17:37:11]  http-outgoing-0 << "Transfer-Encoding: chunked[\r][\n]"
692  DEBUG [2015-01-27 17:37:11]  http-outgoing-0 << "Connection: keep-alive[\r][\n]"
692  DEBUG [2015-01-27 17:37:11]  http-outgoing-0 << "Access-Control-Allow-Origin: *[\r][\n]"
692  DEBUG [2015-01-27 17:37:11]  http-outgoing-0 << "[\r][\n]"
692  DEBUG [2015-01-27 17:37:11]  http-outgoing-0 << "66[\r][\n]"
692  DEBUG [2015-01-27 17:37:11]  http-outgoing-0 << "{"code":200000,"text":"[0xe4][0xba][0xb2][0xef][0xbc][0x8c][0xe5][0xb7][0xb2][0xe5][0xb8][0xae][0xe6][0x82][0xa8][0xe6][0x89][0xbe][0xe5][0x88][0xb0][0xe7][0x94][0xb5][0xe5][0xbd][0xb1]","url":"http://m.wangpiao.com/WpTouch/touch/index"}[\r][\n]"
692  DEBUG [2015-01-27 17:37:11]  http-outgoing-0 << "0[\r][\n]"
692  DEBUG [2015-01-27 17:37:11]  http-outgoing-0 << "[\r][\n]"
695  DEBUG [2015-01-27 17:37:11]  http-outgoing-0 << HTTP/1.1 200 OK
695  DEBUG [2015-01-27 17:37:11]  http-outgoing-0 << Server: nginx/1.4.7
695  DEBUG [2015-01-27 17:37:11]  http-outgoing-0 << Date: Tue, 27 Jan 2015 09:37:10 GMT
695  DEBUG [2015-01-27 17:37:11]  http-outgoing-0 << Content-Type: text/json; charset=utf-8
696  DEBUG [2015-01-27 17:37:11]  http-outgoing-0 << Transfer-Encoding: chunked
696  DEBUG [2015-01-27 17:37:11]  http-outgoing-0 << Connection: keep-alive
696  DEBUG [2015-01-27 17:37:11]  http-outgoing-0 << Access-Control-Allow-Origin: *
700  DEBUG [2015-01-27 17:37:11]  Connection can be kept alive indefinitely
717  DEBUG [2015-01-27 17:37:11]  Connection [id: 0][route: {}->http://www.tuling123.com:80] can be kept alive indefinitely
717  DEBUG [2015-01-27 17:37:11]  Connection released: [id: 0][route: {}->http://www.tuling123.com:80][total kept alive: 1; route allocated: 1 of 2; total allocated: 1 of 20]
0    DEBUG [2015-01-27 17:38:11]  CookieSpec selected: best-match
12   DEBUG [2015-01-27 17:38:11]  Auth cache not set in the context
14   DEBUG [2015-01-27 17:38:11]  Connection request: [route: {}->http://www.tuling123.com:80][total kept alive: 0; route allocated: 0 of 2; total allocated: 0 of 20]
31   DEBUG [2015-01-27 17:38:11]  Connection leased: [id: 0][route: {}->http://www.tuling123.com:80][total kept alive: 0; route allocated: 1 of 2; total allocated: 1 of 20]
42   DEBUG [2015-01-27 17:38:11]  Opening connection {}->http://www.tuling123.com:80
48   DEBUG [2015-01-27 17:38:11]  Connecting to www.tuling123.com/182.92.110.58:80
115  DEBUG [2015-01-27 17:38:11]  Executing request GET /openapi/api?key=f4fcea951c6a9daf4aa498fc98e2461b&info=%E6%9C%80%E8%BF%91%E5%A5%BD%E7%9C%8B%E7%9A%84%E7%94%B5%E5%BD%B1 HTTP/1.1
115  DEBUG [2015-01-27 17:38:11]  Target auth state: UNCHALLENGED
116  DEBUG [2015-01-27 17:38:11]  Proxy auth state: UNCHALLENGED
118  DEBUG [2015-01-27 17:38:11]  http-outgoing-0 >> GET /openapi/api?key=f4fcea951c6a9daf4aa498fc98e2461b&info=%E6%9C%80%E8%BF%91%E5%A5%BD%E7%9C%8B%E7%9A%84%E7%94%B5%E5%BD%B1 HTTP/1.1
118  DEBUG [2015-01-27 17:38:11]  http-outgoing-0 >> Host: www.tuling123.com
118  DEBUG [2015-01-27 17:38:11]  http-outgoing-0 >> Connection: Keep-Alive
118  DEBUG [2015-01-27 17:38:11]  http-outgoing-0 >> User-Agent: Apache-HttpClient/4.3.1 (java 1.5)
118  DEBUG [2015-01-27 17:38:11]  http-outgoing-0 >> Accept-Encoding: gzip,deflate
118  DEBUG [2015-01-27 17:38:11]  http-outgoing-0 >> "GET /openapi/api?key=f4fcea951c6a9daf4aa498fc98e2461b&info=%E6%9C%80%E8%BF%91%E5%A5%BD%E7%9C%8B%E7%9A%84%E7%94%B5%E5%BD%B1 HTTP/1.1[\r][\n]"
118  DEBUG [2015-01-27 17:38:11]  http-outgoing-0 >> "Host: www.tuling123.com[\r][\n]"
118  DEBUG [2015-01-27 17:38:11]  http-outgoing-0 >> "Connection: Keep-Alive[\r][\n]"
119  DEBUG [2015-01-27 17:38:11]  http-outgoing-0 >> "User-Agent: Apache-HttpClient/4.3.1 (java 1.5)[\r][\n]"
119  DEBUG [2015-01-27 17:38:11]  http-outgoing-0 >> "Accept-Encoding: gzip,deflate[\r][\n]"
119  DEBUG [2015-01-27 17:38:11]  http-outgoing-0 >> "[\r][\n]"
693  DEBUG [2015-01-27 17:38:12]  http-outgoing-0 << "HTTP/1.1 200 OK[\r][\n]"
693  DEBUG [2015-01-27 17:38:12]  http-outgoing-0 << "Server: nginx/1.4.7[\r][\n]"
693  DEBUG [2015-01-27 17:38:12]  http-outgoing-0 << "Date: Tue, 27 Jan 2015 09:38:12 GMT[\r][\n]"
694  DEBUG [2015-01-27 17:38:12]  http-outgoing-0 << "Content-Type: text/json; charset=utf-8[\r][\n]"
694  DEBUG [2015-01-27 17:38:12]  http-outgoing-0 << "Transfer-Encoding: chunked[\r][\n]"
694  DEBUG [2015-01-27 17:38:12]  http-outgoing-0 << "Connection: keep-alive[\r][\n]"
694  DEBUG [2015-01-27 17:38:12]  http-outgoing-0 << "Access-Control-Allow-Origin: *[\r][\n]"
695  DEBUG [2015-01-27 17:38:12]  http-outgoing-0 << "[\r][\n]"
695  DEBUG [2015-01-27 17:38:12]  http-outgoing-0 << "66[\r][\n]"
695  DEBUG [2015-01-27 17:38:12]  http-outgoing-0 << "{"code":200000,"text":"[0xe4][0xba][0xb2][0xef][0xbc][0x8c][0xe5][0xb7][0xb2][0xe5][0xb8][0xae][0xe6][0x82][0xa8][0xe6][0x89][0xbe][0xe5][0x88][0xb0][0xe7][0x94][0xb5][0xe5][0xbd][0xb1]","url":"http://m.wangpiao.com/WpTouch/touch/index"}[\r][\n]"
695  DEBUG [2015-01-27 17:38:12]  http-outgoing-0 << "0[\r][\n]"
695  DEBUG [2015-01-27 17:38:12]  http-outgoing-0 << "[\r][\n]"
697  DEBUG [2015-01-27 17:38:12]  http-outgoing-0 << HTTP/1.1 200 OK
697  DEBUG [2015-01-27 17:38:12]  http-outgoing-0 << Server: nginx/1.4.7
697  DEBUG [2015-01-27 17:38:12]  http-outgoing-0 << Date: Tue, 27 Jan 2015 09:38:12 GMT
698  DEBUG [2015-01-27 17:38:12]  http-outgoing-0 << Content-Type: text/json; charset=utf-8
698  DEBUG [2015-01-27 17:38:12]  http-outgoing-0 << Transfer-Encoding: chunked
698  DEBUG [2015-01-27 17:38:12]  http-outgoing-0 << Connection: keep-alive
698  DEBUG [2015-01-27 17:38:12]  http-outgoing-0 << Access-Control-Allow-Origin: *
702  DEBUG [2015-01-27 17:38:12]  Connection can be kept alive indefinitely
714  DEBUG [2015-01-27 17:38:12]  Connection [id: 0][route: {}->http://www.tuling123.com:80] can be kept alive indefinitely
715  DEBUG [2015-01-27 17:38:12]  Connection released: [id: 0][route: {}->http://www.tuling123.com:80][total kept alive: 1; route allocated: 1 of 2; total allocated: 1 of 20]
0    DEBUG [2015-01-27 17:39:00]  CookieSpec selected: best-match
10   DEBUG [2015-01-27 17:39:00]  Auth cache not set in the context
12   DEBUG [2015-01-27 17:39:00]  Connection request: [route: {}->http://www.tuling123.com:80][total kept alive: 0; route allocated: 0 of 2; total allocated: 0 of 20]
28   DEBUG [2015-01-27 17:39:00]  Connection leased: [id: 0][route: {}->http://www.tuling123.com:80][total kept alive: 0; route allocated: 1 of 2; total allocated: 1 of 20]
38   DEBUG [2015-01-27 17:39:00]  Opening connection {}->http://www.tuling123.com:80
47   DEBUG [2015-01-27 17:39:00]  Connecting to www.tuling123.com/182.92.110.58:80
116  DEBUG [2015-01-27 17:39:00]  Executing request GET /openapi/api?key=f4fcea951c6a9daf4aa498fc98e2461b&info=%E6%9C%80%E8%BF%91%E5%A5%BD%E7%9C%8B%E7%9A%84%E7%94%B5%E5%BD%B1 HTTP/1.1
117  DEBUG [2015-01-27 17:39:00]  Target auth state: UNCHALLENGED
117  DEBUG [2015-01-27 17:39:00]  Proxy auth state: UNCHALLENGED
119  DEBUG [2015-01-27 17:39:00]  http-outgoing-0 >> GET /openapi/api?key=f4fcea951c6a9daf4aa498fc98e2461b&info=%E6%9C%80%E8%BF%91%E5%A5%BD%E7%9C%8B%E7%9A%84%E7%94%B5%E5%BD%B1 HTTP/1.1
119  DEBUG [2015-01-27 17:39:00]  http-outgoing-0 >> Host: www.tuling123.com
119  DEBUG [2015-01-27 17:39:00]  http-outgoing-0 >> Connection: Keep-Alive
120  DEBUG [2015-01-27 17:39:00]  http-outgoing-0 >> User-Agent: Apache-HttpClient/4.3.1 (java 1.5)
120  DEBUG [2015-01-27 17:39:00]  http-outgoing-0 >> Accept-Encoding: gzip,deflate
120  DEBUG [2015-01-27 17:39:00]  http-outgoing-0 >> "GET /openapi/api?key=f4fcea951c6a9daf4aa498fc98e2461b&info=%E6%9C%80%E8%BF%91%E5%A5%BD%E7%9C%8B%E7%9A%84%E7%94%B5%E5%BD%B1 HTTP/1.1[\r][\n]"
120  DEBUG [2015-01-27 17:39:00]  http-outgoing-0 >> "Host: www.tuling123.com[\r][\n]"
120  DEBUG [2015-01-27 17:39:00]  http-outgoing-0 >> "Connection: Keep-Alive[\r][\n]"
120  DEBUG [2015-01-27 17:39:00]  http-outgoing-0 >> "User-Agent: Apache-HttpClient/4.3.1 (java 1.5)[\r][\n]"
120  DEBUG [2015-01-27 17:39:00]  http-outgoing-0 >> "Accept-Encoding: gzip,deflate[\r][\n]"
120  DEBUG [2015-01-27 17:39:00]  http-outgoing-0 >> "[\r][\n]"
667  DEBUG [2015-01-27 17:39:00]  http-outgoing-0 << "HTTP/1.1 200 OK[\r][\n]"
667  DEBUG [2015-01-27 17:39:00]  http-outgoing-0 << "Server: nginx/1.4.7[\r][\n]"
667  DEBUG [2015-01-27 17:39:00]  http-outgoing-0 << "Date: Tue, 27 Jan 2015 09:39:00 GMT[\r][\n]"
668  DEBUG [2015-01-27 17:39:00]  http-outgoing-0 << "Content-Type: text/json; charset=utf-8[\r][\n]"
668  DEBUG [2015-01-27 17:39:00]  http-outgoing-0 << "Transfer-Encoding: chunked[\r][\n]"
668  DEBUG [2015-01-27 17:39:00]  http-outgoing-0 << "Connection: keep-alive[\r][\n]"
668  DEBUG [2015-01-27 17:39:00]  http-outgoing-0 << "Access-Control-Allow-Origin: *[\r][\n]"
669  DEBUG [2015-01-27 17:39:00]  http-outgoing-0 << "[\r][\n]"
669  DEBUG [2015-01-27 17:39:00]  http-outgoing-0 << "66[\r][\n]"
669  DEBUG [2015-01-27 17:39:00]  http-outgoing-0 << "{"code":200000,"text":"[0xe4][0xba][0xb2][0xef][0xbc][0x8c][0xe5][0xb7][0xb2][0xe5][0xb8][0xae][0xe6][0x82][0xa8][0xe6][0x89][0xbe][0xe5][0x88][0xb0][0xe7][0x94][0xb5][0xe5][0xbd][0xb1]","url":"http://m.wangpiao.com/WpTouch/touch/index"}[\r][\n]"
669  DEBUG [2015-01-27 17:39:00]  http-outgoing-0 << "0[\r][\n]"
669  DEBUG [2015-01-27 17:39:00]  http-outgoing-0 << "[\r][\n]"
671  DEBUG [2015-01-27 17:39:00]  http-outgoing-0 << HTTP/1.1 200 OK
671  DEBUG [2015-01-27 17:39:00]  http-outgoing-0 << Server: nginx/1.4.7
672  DEBUG [2015-01-27 17:39:00]  http-outgoing-0 << Date: Tue, 27 Jan 2015 09:39:00 GMT
672  DEBUG [2015-01-27 17:39:00]  http-outgoing-0 << Content-Type: text/json; charset=utf-8
672  DEBUG [2015-01-27 17:39:00]  http-outgoing-0 << Transfer-Encoding: chunked
672  DEBUG [2015-01-27 17:39:00]  http-outgoing-0 << Connection: keep-alive
672  DEBUG [2015-01-27 17:39:00]  http-outgoing-0 << Access-Control-Allow-Origin: *
676  DEBUG [2015-01-27 17:39:00]  Connection can be kept alive indefinitely
686  DEBUG [2015-01-27 17:39:00]  Connection [id: 0][route: {}->http://www.tuling123.com:80] can be kept alive indefinitely
686  DEBUG [2015-01-27 17:39:00]  Connection released: [id: 0][route: {}->http://www.tuling123.com:80][total kept alive: 1; route allocated: 1 of 2; total allocated: 1 of 20]
0    DEBUG [2015-01-27 17:39:21]  CookieSpec selected: best-match
12   DEBUG [2015-01-27 17:39:21]  Auth cache not set in the context
14   DEBUG [2015-01-27 17:39:21]  Connection request: [route: {}->http://www.tuling123.com:80][total kept alive: 0; route allocated: 0 of 2; total allocated: 0 of 20]
34   DEBUG [2015-01-27 17:39:21]  Connection leased: [id: 0][route: {}->http://www.tuling123.com:80][total kept alive: 0; route allocated: 1 of 2; total allocated: 1 of 20]
45   DEBUG [2015-01-27 17:39:21]  Opening connection {}->http://www.tuling123.com:80
79   DEBUG [2015-01-27 17:39:21]  Connecting to www.tuling123.com/182.92.110.58:80
146  DEBUG [2015-01-27 17:39:21]  Executing request GET /openapi/api?key=f4fcea951c6a9daf4aa498fc98e2461b&info=%E6%9C%80%E8%BF%91%E5%A5%BD%E7%9C%8B%E7%9A%84%E7%94%B5%E5%BD%B1 HTTP/1.1
146  DEBUG [2015-01-27 17:39:21]  Target auth state: UNCHALLENGED
147  DEBUG [2015-01-27 17:39:21]  Proxy auth state: UNCHALLENGED
149  DEBUG [2015-01-27 17:39:21]  http-outgoing-0 >> GET /openapi/api?key=f4fcea951c6a9daf4aa498fc98e2461b&info=%E6%9C%80%E8%BF%91%E5%A5%BD%E7%9C%8B%E7%9A%84%E7%94%B5%E5%BD%B1 HTTP/1.1
149  DEBUG [2015-01-27 17:39:21]  http-outgoing-0 >> Host: www.tuling123.com
149  DEBUG [2015-01-27 17:39:21]  http-outgoing-0 >> Connection: Keep-Alive
150  DEBUG [2015-01-27 17:39:21]  http-outgoing-0 >> User-Agent: Apache-HttpClient/4.3.1 (java 1.5)
150  DEBUG [2015-01-27 17:39:21]  http-outgoing-0 >> Accept-Encoding: gzip,deflate
150  DEBUG [2015-01-27 17:39:21]  http-outgoing-0 >> "GET /openapi/api?key=f4fcea951c6a9daf4aa498fc98e2461b&info=%E6%9C%80%E8%BF%91%E5%A5%BD%E7%9C%8B%E7%9A%84%E7%94%B5%E5%BD%B1 HTTP/1.1[\r][\n]"
150  DEBUG [2015-01-27 17:39:21]  http-outgoing-0 >> "Host: www.tuling123.com[\r][\n]"
150  DEBUG [2015-01-27 17:39:21]  http-outgoing-0 >> "Connection: Keep-Alive[\r][\n]"
150  DEBUG [2015-01-27 17:39:21]  http-outgoing-0 >> "User-Agent: Apache-HttpClient/4.3.1 (java 1.5)[\r][\n]"
150  DEBUG [2015-01-27 17:39:21]  http-outgoing-0 >> "Accept-Encoding: gzip,deflate[\r][\n]"
150  DEBUG [2015-01-27 17:39:21]  http-outgoing-0 >> "[\r][\n]"
772  DEBUG [2015-01-27 17:39:22]  http-outgoing-0 << "HTTP/1.1 200 OK[\r][\n]"
772  DEBUG [2015-01-27 17:39:22]  http-outgoing-0 << "Server: nginx/1.4.7[\r][\n]"
772  DEBUG [2015-01-27 17:39:22]  http-outgoing-0 << "Date: Tue, 27 Jan 2015 09:39:22 GMT[\r][\n]"
772  DEBUG [2015-01-27 17:39:22]  http-outgoing-0 << "Content-Type: text/json; charset=utf-8[\r][\n]"
772  DEBUG [2015-01-27 17:39:22]  http-outgoing-0 << "Transfer-Encoding: chunked[\r][\n]"
773  DEBUG [2015-01-27 17:39:22]  http-outgoing-0 << "Connection: keep-alive[\r][\n]"
773  DEBUG [2015-01-27 17:39:22]  http-outgoing-0 << "Access-Control-Allow-Origin: *[\r][\n]"
774  DEBUG [2015-01-27 17:39:22]  http-outgoing-0 << "[\r][\n]"
774  DEBUG [2015-01-27 17:39:22]  http-outgoing-0 << "66[\r][\n]"
774  DEBUG [2015-01-27 17:39:22]  http-outgoing-0 << "{"code":200000,"text":"[0xe4][0xba][0xb2][0xef][0xbc][0x8c][0xe5][0xb7][0xb2][0xe5][0xb8][0xae][0xe6][0x82][0xa8][0xe6][0x89][0xbe][0xe5][0x88][0xb0][0xe7][0x94][0xb5][0xe5][0xbd][0xb1]","url":"http://m.wangpiao.com/WpTouch/touch/index"}[\r][\n]"
774  DEBUG [2015-01-27 17:39:22]  http-outgoing-0 << "0[\r][\n]"
774  DEBUG [2015-01-27 17:39:22]  http-outgoing-0 << "[\r][\n]"
776  DEBUG [2015-01-27 17:39:22]  http-outgoing-0 << HTTP/1.1 200 OK
777  DEBUG [2015-01-27 17:39:22]  http-outgoing-0 << Server: nginx/1.4.7
777  DEBUG [2015-01-27 17:39:22]  http-outgoing-0 << Date: Tue, 27 Jan 2015 09:39:22 GMT
777  DEBUG [2015-01-27 17:39:22]  http-outgoing-0 << Content-Type: text/json; charset=utf-8
777  DEBUG [2015-01-27 17:39:22]  http-outgoing-0 << Transfer-Encoding: chunked
777  DEBUG [2015-01-27 17:39:22]  http-outgoing-0 << Connection: keep-alive
777  DEBUG [2015-01-27 17:39:22]  http-outgoing-0 << Access-Control-Allow-Origin: *
781  DEBUG [2015-01-27 17:39:22]  Connection can be kept alive indefinitely
792  DEBUG [2015-01-27 17:39:22]  Connection [id: 0][route: {}->http://www.tuling123.com:80] can be kept alive indefinitely
793  DEBUG [2015-01-27 17:39:22]  Connection released: [id: 0][route: {}->http://www.tuling123.com:80][total kept alive: 1; route allocated: 1 of 2; total allocated: 1 of 20]
0    DEBUG [2015-01-27 17:41:06]  CookieSpec selected: best-match
12   DEBUG [2015-01-27 17:41:06]  Auth cache not set in the context
13   DEBUG [2015-01-27 17:41:06]  Connection request: [route: {}->http://www.tuling123.com:80][total kept alive: 0; route allocated: 0 of 2; total allocated: 0 of 20]
32   DEBUG [2015-01-27 17:41:06]  Connection leased: [id: 0][route: {}->http://www.tuling123.com:80][total kept alive: 0; route allocated: 1 of 2; total allocated: 1 of 20]
43   DEBUG [2015-01-27 17:41:06]  Opening connection {}->http://www.tuling123.com:80
50   DEBUG [2015-01-27 17:41:06]  Connecting to www.tuling123.com/182.92.110.58:80
118  DEBUG [2015-01-27 17:41:06]  Executing request GET /openapi/api?key=f4fcea951c6a9daf4aa498fc98e2461b&info=%E6%9C%80%E8%BF%91%E5%A5%BD%E7%9C%8B%E7%9A%84%E7%94%B5%E5%BD%B1 HTTP/1.1
119  DEBUG [2015-01-27 17:41:06]  Target auth state: UNCHALLENGED
120  DEBUG [2015-01-27 17:41:06]  Proxy auth state: UNCHALLENGED
122  DEBUG [2015-01-27 17:41:06]  http-outgoing-0 >> GET /openapi/api?key=f4fcea951c6a9daf4aa498fc98e2461b&info=%E6%9C%80%E8%BF%91%E5%A5%BD%E7%9C%8B%E7%9A%84%E7%94%B5%E5%BD%B1 HTTP/1.1
122  DEBUG [2015-01-27 17:41:06]  http-outgoing-0 >> Host: www.tuling123.com
122  DEBUG [2015-01-27 17:41:06]  http-outgoing-0 >> Connection: Keep-Alive
122  DEBUG [2015-01-27 17:41:06]  http-outgoing-0 >> User-Agent: Apache-HttpClient/4.3.1 (java 1.5)
122  DEBUG [2015-01-27 17:41:06]  http-outgoing-0 >> Accept-Encoding: gzip,deflate
122  DEBUG [2015-01-27 17:41:06]  http-outgoing-0 >> "GET /openapi/api?key=f4fcea951c6a9daf4aa498fc98e2461b&info=%E6%9C%80%E8%BF%91%E5%A5%BD%E7%9C%8B%E7%9A%84%E7%94%B5%E5%BD%B1 HTTP/1.1[\r][\n]"
122  DEBUG [2015-01-27 17:41:06]  http-outgoing-0 >> "Host: www.tuling123.com[\r][\n]"
122  DEBUG [2015-01-27 17:41:06]  http-outgoing-0 >> "Connection: Keep-Alive[\r][\n]"
122  DEBUG [2015-01-27 17:41:06]  http-outgoing-0 >> "User-Agent: Apache-HttpClient/4.3.1 (java 1.5)[\r][\n]"
123  DEBUG [2015-01-27 17:41:06]  http-outgoing-0 >> "Accept-Encoding: gzip,deflate[\r][\n]"
123  DEBUG [2015-01-27 17:41:06]  http-outgoing-0 >> "[\r][\n]"
672  DEBUG [2015-01-27 17:41:06]  http-outgoing-0 << "HTTP/1.1 200 OK[\r][\n]"
672  DEBUG [2015-01-27 17:41:06]  http-outgoing-0 << "Server: nginx/1.4.7[\r][\n]"
672  DEBUG [2015-01-27 17:41:06]  http-outgoing-0 << "Date: Tue, 27 Jan 2015 09:41:06 GMT[\r][\n]"
672  DEBUG [2015-01-27 17:41:06]  http-outgoing-0 << "Content-Type: text/json; charset=utf-8[\r][\n]"
672  DEBUG [2015-01-27 17:41:06]  http-outgoing-0 << "Transfer-Encoding: chunked[\r][\n]"
672  DEBUG [2015-01-27 17:41:06]  http-outgoing-0 << "Connection: keep-alive[\r][\n]"
672  DEBUG [2015-01-27 17:41:06]  http-outgoing-0 << "Access-Control-Allow-Origin: *[\r][\n]"
674  DEBUG [2015-01-27 17:41:06]  http-outgoing-0 << "[\r][\n]"
674  DEBUG [2015-01-27 17:41:06]  http-outgoing-0 << "66[\r][\n]"
674  DEBUG [2015-01-27 17:41:06]  http-outgoing-0 << "{"code":200000,"text":"[0xe4][0xba][0xb2][0xef][0xbc][0x8c][0xe5][0xb7][0xb2][0xe5][0xb8][0xae][0xe6][0x82][0xa8][0xe6][0x89][0xbe][0xe5][0x88][0xb0][0xe7][0x94][0xb5][0xe5][0xbd][0xb1]","url":"http://m.wangpiao.com/WpTouch/touch/index"}[\r][\n]"
674  DEBUG [2015-01-27 17:41:06]  http-outgoing-0 << "0[\r][\n]"
674  DEBUG [2015-01-27 17:41:06]  http-outgoing-0 << "[\r][\n]"
676  DEBUG [2015-01-27 17:41:06]  http-outgoing-0 << HTTP/1.1 200 OK
677  DEBUG [2015-01-27 17:41:06]  http-outgoing-0 << Server: nginx/1.4.7
677  DEBUG [2015-01-27 17:41:06]  http-outgoing-0 << Date: Tue, 27 Jan 2015 09:41:06 GMT
677  DEBUG [2015-01-27 17:41:06]  http-outgoing-0 << Content-Type: text/json; charset=utf-8
677  DEBUG [2015-01-27 17:41:06]  http-outgoing-0 << Transfer-Encoding: chunked
677  DEBUG [2015-01-27 17:41:06]  http-outgoing-0 << Connection: keep-alive
677  DEBUG [2015-01-27 17:41:06]  http-outgoing-0 << Access-Control-Allow-Origin: *
681  DEBUG [2015-01-27 17:41:06]  Connection can be kept alive indefinitely
693  DEBUG [2015-01-27 17:41:06]  Connection [id: 0][route: {}->http://www.tuling123.com:80] can be kept alive indefinitely
693  DEBUG [2015-01-27 17:41:06]  Connection released: [id: 0][route: {}->http://www.tuling123.com:80][total kept alive: 1; route allocated: 1 of 2; total allocated: 1 of 20]
0    DEBUG [2015-01-27 17:41:19]  CookieSpec selected: best-match
13   DEBUG [2015-01-27 17:41:19]  Auth cache not set in the context
14   DEBUG [2015-01-27 17:41:19]  Connection request: [route: {}->http://www.tuling123.com:80][total kept alive: 0; route allocated: 0 of 2; total allocated: 0 of 20]
32   DEBUG [2015-01-27 17:41:19]  Connection leased: [id: 0][route: {}->http://www.tuling123.com:80][total kept alive: 0; route allocated: 1 of 2; total allocated: 1 of 20]
45   DEBUG [2015-01-27 17:41:19]  Opening connection {}->http://www.tuling123.com:80
50   DEBUG [2015-01-27 17:41:19]  Connecting to www.tuling123.com/182.92.110.58:80
120  DEBUG [2015-01-27 17:41:19]  Executing request GET /openapi/api?key=f4fcea951c6a9daf4aa498fc98e2461b&info=%E6%9C%80%E8%BF%91%E5%A5%BD%E7%9C%8B%E7%9A%84%E7%94%B5%E5%BD%B1 HTTP/1.1
120  DEBUG [2015-01-27 17:41:19]  Target auth state: UNCHALLENGED
121  DEBUG [2015-01-27 17:41:19]  Proxy auth state: UNCHALLENGED
123  DEBUG [2015-01-27 17:41:19]  http-outgoing-0 >> GET /openapi/api?key=f4fcea951c6a9daf4aa498fc98e2461b&info=%E6%9C%80%E8%BF%91%E5%A5%BD%E7%9C%8B%E7%9A%84%E7%94%B5%E5%BD%B1 HTTP/1.1
123  DEBUG [2015-01-27 17:41:19]  http-outgoing-0 >> Host: www.tuling123.com
123  DEBUG [2015-01-27 17:41:19]  http-outgoing-0 >> Connection: Keep-Alive
123  DEBUG [2015-01-27 17:41:19]  http-outgoing-0 >> User-Agent: Apache-HttpClient/4.3.1 (java 1.5)
124  DEBUG [2015-01-27 17:41:19]  http-outgoing-0 >> Accept-Encoding: gzip,deflate
124  DEBUG [2015-01-27 17:41:19]  http-outgoing-0 >> "GET /openapi/api?key=f4fcea951c6a9daf4aa498fc98e2461b&info=%E6%9C%80%E8%BF%91%E5%A5%BD%E7%9C%8B%E7%9A%84%E7%94%B5%E5%BD%B1 HTTP/1.1[\r][\n]"
124  DEBUG [2015-01-27 17:41:19]  http-outgoing-0 >> "Host: www.tuling123.com[\r][\n]"
124  DEBUG [2015-01-27 17:41:19]  http-outgoing-0 >> "Connection: Keep-Alive[\r][\n]"
124  DEBUG [2015-01-27 17:41:19]  http-outgoing-0 >> "User-Agent: Apache-HttpClient/4.3.1 (java 1.5)[\r][\n]"
124  DEBUG [2015-01-27 17:41:19]  http-outgoing-0 >> "Accept-Encoding: gzip,deflate[\r][\n]"
124  DEBUG [2015-01-27 17:41:19]  http-outgoing-0 >> "[\r][\n]"
668  DEBUG [2015-01-27 17:41:19]  http-outgoing-0 << "HTTP/1.1 200 OK[\r][\n]"
668  DEBUG [2015-01-27 17:41:19]  http-outgoing-0 << "Server: nginx/1.4.7[\r][\n]"
668  DEBUG [2015-01-27 17:41:19]  http-outgoing-0 << "Date: Tue, 27 Jan 2015 09:41:19 GMT[\r][\n]"
668  DEBUG [2015-01-27 17:41:19]  http-outgoing-0 << "Content-Type: text/json; charset=utf-8[\r][\n]"
668  DEBUG [2015-01-27 17:41:19]  http-outgoing-0 << "Transfer-Encoding: chunked[\r][\n]"
668  DEBUG [2015-01-27 17:41:19]  http-outgoing-0 << "Connection: keep-alive[\r][\n]"
668  DEBUG [2015-01-27 17:41:19]  http-outgoing-0 << "Access-Control-Allow-Origin: *[\r][\n]"
670  DEBUG [2015-01-27 17:41:19]  http-outgoing-0 << "[\r][\n]"
670  DEBUG [2015-01-27 17:41:19]  http-outgoing-0 << "66[\r][\n]"
670  DEBUG [2015-01-27 17:41:19]  http-outgoing-0 << "{"code":200000,"text":"[0xe4][0xba][0xb2][0xef][0xbc][0x8c][0xe5][0xb7][0xb2][0xe5][0xb8][0xae][0xe6][0x82][0xa8][0xe6][0x89][0xbe][0xe5][0x88][0xb0][0xe7][0x94][0xb5][0xe5][0xbd][0xb1]","url":"http://m.wangpiao.com/WpTouch/touch/index"}[\r][\n]"
670  DEBUG [2015-01-27 17:41:19]  http-outgoing-0 << "0[\r][\n]"
670  DEBUG [2015-01-27 17:41:19]  http-outgoing-0 << "[\r][\n]"
672  DEBUG [2015-01-27 17:41:19]  http-outgoing-0 << HTTP/1.1 200 OK
673  DEBUG [2015-01-27 17:41:19]  http-outgoing-0 << Server: nginx/1.4.7
673  DEBUG [2015-01-27 17:41:19]  http-outgoing-0 << Date: Tue, 27 Jan 2015 09:41:19 GMT
673  DEBUG [2015-01-27 17:41:19]  http-outgoing-0 << Content-Type: text/json; charset=utf-8
673  DEBUG [2015-01-27 17:41:19]  http-outgoing-0 << Transfer-Encoding: chunked
673  DEBUG [2015-01-27 17:41:19]  http-outgoing-0 << Connection: keep-alive
673  DEBUG [2015-01-27 17:41:19]  http-outgoing-0 << Access-Control-Allow-Origin: *
677  DEBUG [2015-01-27 17:41:19]  Connection can be kept alive indefinitely
689  DEBUG [2015-01-27 17:41:19]  Connection [id: 0][route: {}->http://www.tuling123.com:80] can be kept alive indefinitely
689  DEBUG [2015-01-27 17:41:19]  Connection released: [id: 0][route: {}->http://www.tuling123.com:80][total kept alive: 1; route allocated: 1 of 2; total allocated: 1 of 20]
0    DEBUG [2015-01-27 17:42:24]  CookieSpec selected: best-match
11   DEBUG [2015-01-27 17:42:24]  Auth cache not set in the context
12   DEBUG [2015-01-27 17:42:24]  Connection request: [route: {}->http://www.tuling123.com:80][total kept alive: 0; route allocated: 0 of 2; total allocated: 0 of 20]
29   DEBUG [2015-01-27 17:42:24]  Connection leased: [id: 0][route: {}->http://www.tuling123.com:80][total kept alive: 0; route allocated: 1 of 2; total allocated: 1 of 20]
39   DEBUG [2015-01-27 17:42:24]  Opening connection {}->http://www.tuling123.com:80
48   DEBUG [2015-01-27 17:42:24]  Connecting to www.tuling123.com/182.92.110.58:80
115  DEBUG [2015-01-27 17:42:24]  Executing request GET /openapi/api?key=f4fcea951c6a9daf4aa498fc98e2461b&info=%E6%9C%80%E8%BF%91%E5%A5%BD%E7%9C%8B%E7%9A%84%E7%94%B5%E5%BD%B1 HTTP/1.1
116  DEBUG [2015-01-27 17:42:24]  Target auth state: UNCHALLENGED
116  DEBUG [2015-01-27 17:42:24]  Proxy auth state: UNCHALLENGED
118  DEBUG [2015-01-27 17:42:24]  http-outgoing-0 >> GET /openapi/api?key=f4fcea951c6a9daf4aa498fc98e2461b&info=%E6%9C%80%E8%BF%91%E5%A5%BD%E7%9C%8B%E7%9A%84%E7%94%B5%E5%BD%B1 HTTP/1.1
118  DEBUG [2015-01-27 17:42:24]  http-outgoing-0 >> Host: www.tuling123.com
118  DEBUG [2015-01-27 17:42:24]  http-outgoing-0 >> Connection: Keep-Alive
118  DEBUG [2015-01-27 17:42:24]  http-outgoing-0 >> User-Agent: Apache-HttpClient/4.3.1 (java 1.5)
118  DEBUG [2015-01-27 17:42:24]  http-outgoing-0 >> Accept-Encoding: gzip,deflate
119  DEBUG [2015-01-27 17:42:24]  http-outgoing-0 >> "GET /openapi/api?key=f4fcea951c6a9daf4aa498fc98e2461b&info=%E6%9C%80%E8%BF%91%E5%A5%BD%E7%9C%8B%E7%9A%84%E7%94%B5%E5%BD%B1 HTTP/1.1[\r][\n]"
119  DEBUG [2015-01-27 17:42:24]  http-outgoing-0 >> "Host: www.tuling123.com[\r][\n]"
119  DEBUG [2015-01-27 17:42:24]  http-outgoing-0 >> "Connection: Keep-Alive[\r][\n]"
119  DEBUG [2015-01-27 17:42:24]  http-outgoing-0 >> "User-Agent: Apache-HttpClient/4.3.1 (java 1.5)[\r][\n]"
119  DEBUG [2015-01-27 17:42:24]  http-outgoing-0 >> "Accept-Encoding: gzip,deflate[\r][\n]"
119  DEBUG [2015-01-27 17:42:24]  http-outgoing-0 >> "[\r][\n]"
673  DEBUG [2015-01-27 17:42:24]  http-outgoing-0 << "HTTP/1.1 200 OK[\r][\n]"
673  DEBUG [2015-01-27 17:42:24]  http-outgoing-0 << "Server: nginx/1.4.7[\r][\n]"
673  DEBUG [2015-01-27 17:42:24]  http-outgoing-0 << "Date: Tue, 27 Jan 2015 09:42:24 GMT[\r][\n]"
673  DEBUG [2015-01-27 17:42:24]  http-outgoing-0 << "Content-Type: text/json; charset=utf-8[\r][\n]"
673  DEBUG [2015-01-27 17:42:24]  http-outgoing-0 << "Transfer-Encoding: chunked[\r][\n]"
673  DEBUG [2015-01-27 17:42:24]  http-outgoing-0 << "Connection: keep-alive[\r][\n]"
673  DEBUG [2015-01-27 17:42:24]  http-outgoing-0 << "Access-Control-Allow-Origin: *[\r][\n]"
674  DEBUG [2015-01-27 17:42:24]  http-outgoing-0 << "[\r][\n]"
674  DEBUG [2015-01-27 17:42:24]  http-outgoing-0 << "66[\r][\n]"
674  DEBUG [2015-01-27 17:42:24]  http-outgoing-0 << "{"code":200000,"text":"[0xe4][0xba][0xb2][0xef][0xbc][0x8c][0xe5][0xb7][0xb2][0xe5][0xb8][0xae][0xe6][0x82][0xa8][0xe6][0x89][0xbe][0xe5][0x88][0xb0][0xe7][0x94][0xb5][0xe5][0xbd][0xb1]","url":"http://m.wangpiao.com/WpTouch/touch/index"}[\r][\n]"
674  DEBUG [2015-01-27 17:42:24]  http-outgoing-0 << "0[\r][\n]"
674  DEBUG [2015-01-27 17:42:24]  http-outgoing-0 << "[\r][\n]"
676  DEBUG [2015-01-27 17:42:24]  http-outgoing-0 << HTTP/1.1 200 OK
676  DEBUG [2015-01-27 17:42:24]  http-outgoing-0 << Server: nginx/1.4.7
676  DEBUG [2015-01-27 17:42:24]  http-outgoing-0 << Date: Tue, 27 Jan 2015 09:42:24 GMT
676  DEBUG [2015-01-27 17:42:24]  http-outgoing-0 << Content-Type: text/json; charset=utf-8
676  DEBUG [2015-01-27 17:42:24]  http-outgoing-0 << Transfer-Encoding: chunked
676  DEBUG [2015-01-27 17:42:24]  http-outgoing-0 << Connection: keep-alive
677  DEBUG [2015-01-27 17:42:24]  http-outgoing-0 << Access-Control-Allow-Origin: *
680  DEBUG [2015-01-27 17:42:24]  Connection can be kept alive indefinitely
691  DEBUG [2015-01-27 17:42:24]  Connection [id: 0][route: {}->http://www.tuling123.com:80] can be kept alive indefinitely
691  DEBUG [2015-01-27 17:42:24]  Connection released: [id: 0][route: {}->http://www.tuling123.com:80][total kept alive: 1; route allocated: 1 of 2; total allocated: 1 of 20]
0    DEBUG [2015-02-04 14:19:56]  CookieSpec selected: best-match
24   DEBUG [2015-02-04 14:19:56]  Auth cache not set in the context
26   DEBUG [2015-02-04 14:19:56]  Connection request: [route: {}->http://www.tuling123.com:80][total kept alive: 0; route allocated: 0 of 2; total allocated: 0 of 20]
46   DEBUG [2015-02-04 14:19:56]  Connection leased: [id: 0][route: {}->http://www.tuling123.com:80][total kept alive: 0; route allocated: 1 of 2; total allocated: 1 of 20]
59   DEBUG [2015-02-04 14:19:56]  Opening connection {}->http://www.tuling123.com:80
66   DEBUG [2015-02-04 14:19:56]  Connecting to www.tuling123.com/182.92.110.58:80
133  DEBUG [2015-02-04 14:19:56]  Executing request GET /openapi/api?key=f4fcea951c6a9daf4aa498fc98e2461b&info=%E6%9C%80%E8%BF%91%E5%A5%BD%E7%9C%8B%E7%9A%84%E7%94%B5%E5%BD%B1 HTTP/1.1
133  DEBUG [2015-02-04 14:19:56]  Target auth state: UNCHALLENGED
135  DEBUG [2015-02-04 14:19:56]  Proxy auth state: UNCHALLENGED
137  DEBUG [2015-02-04 14:19:56]  http-outgoing-0 >> GET /openapi/api?key=f4fcea951c6a9daf4aa498fc98e2461b&info=%E6%9C%80%E8%BF%91%E5%A5%BD%E7%9C%8B%E7%9A%84%E7%94%B5%E5%BD%B1 HTTP/1.1
137  DEBUG [2015-02-04 14:19:56]  http-outgoing-0 >> Host: www.tuling123.com
137  DEBUG [2015-02-04 14:19:56]  http-outgoing-0 >> Connection: Keep-Alive
137  DEBUG [2015-02-04 14:19:56]  http-outgoing-0 >> User-Agent: Apache-HttpClient/4.3.1 (java 1.5)
137  DEBUG [2015-02-04 14:19:56]  http-outgoing-0 >> Accept-Encoding: gzip,deflate
137  DEBUG [2015-02-04 14:19:56]  http-outgoing-0 >> "GET /openapi/api?key=f4fcea951c6a9daf4aa498fc98e2461b&info=%E6%9C%80%E8%BF%91%E5%A5%BD%E7%9C%8B%E7%9A%84%E7%94%B5%E5%BD%B1 HTTP/1.1[\r][\n]"
137  DEBUG [2015-02-04 14:19:56]  http-outgoing-0 >> "Host: www.tuling123.com[\r][\n]"
137  DEBUG [2015-02-04 14:19:56]  http-outgoing-0 >> "Connection: Keep-Alive[\r][\n]"
137  DEBUG [2015-02-04 14:19:56]  http-outgoing-0 >> "User-Agent: Apache-HttpClient/4.3.1 (java 1.5)[\r][\n]"
137  DEBUG [2015-02-04 14:19:56]  http-outgoing-0 >> "Accept-Encoding: gzip,deflate[\r][\n]"
138  DEBUG [2015-02-04 14:19:56]  http-outgoing-0 >> "[\r][\n]"
530  DEBUG [2015-02-04 14:19:56]  http-outgoing-0 << "HTTP/1.1 200 OK[\r][\n]"
530  DEBUG [2015-02-04 14:19:56]  http-outgoing-0 << "Server: nginx/1.4.7[\r][\n]"
530  DEBUG [2015-02-04 14:19:56]  http-outgoing-0 << "Date: Wed, 04 Feb 2015 06:19:56 GMT[\r][\n]"
531  DEBUG [2015-02-04 14:19:56]  http-outgoing-0 << "Content-Type: text/json; charset=utf-8[\r][\n]"
531  DEBUG [2015-02-04 14:19:56]  http-outgoing-0 << "Transfer-Encoding: chunked[\r][\n]"
531  DEBUG [2015-02-04 14:19:56]  http-outgoing-0 << "Connection: keep-alive[\r][\n]"
531  DEBUG [2015-02-04 14:19:56]  http-outgoing-0 << "Access-Control-Allow-Origin: *[\r][\n]"
531  DEBUG [2015-02-04 14:19:56]  http-outgoing-0 << "[\r][\n]"
531  DEBUG [2015-02-04 14:19:56]  http-outgoing-0 << "66[\r][\n]"
531  DEBUG [2015-02-04 14:19:56]  http-outgoing-0 << "{"code":200000,"text":"[0xe4][0xba][0xb2][0xef][0xbc][0x8c][0xe5][0xb7][0xb2][0xe5][0xb8][0xae][0xe6][0x82][0xa8][0xe6][0x89][0xbe][0xe5][0x88][0xb0][0xe7][0x94][0xb5][0xe5][0xbd][0xb1]","url":"http://m.wangpiao.com/WpTouch/touch/index"}[\r][\n]"
531  DEBUG [2015-02-04 14:19:56]  http-outgoing-0 << "0[\r][\n]"
531  DEBUG [2015-02-04 14:19:56]  http-outgoing-0 << "[\r][\n]"
534  DEBUG [2015-02-04 14:19:56]  http-outgoing-0 << HTTP/1.1 200 OK
534  DEBUG [2015-02-04 14:19:56]  http-outgoing-0 << Server: nginx/1.4.7
534  DEBUG [2015-02-04 14:19:56]  http-outgoing-0 << Date: Wed, 04 Feb 2015 06:19:56 GMT
534  DEBUG [2015-02-04 14:19:56]  http-outgoing-0 << Content-Type: text/json; charset=utf-8
534  DEBUG [2015-02-04 14:19:56]  http-outgoing-0 << Transfer-Encoding: chunked
534  DEBUG [2015-02-04 14:19:56]  http-outgoing-0 << Connection: keep-alive
534  DEBUG [2015-02-04 14:19:56]  http-outgoing-0 << Access-Control-Allow-Origin: *
538  DEBUG [2015-02-04 14:19:56]  Connection can be kept alive indefinitely
550  DEBUG [2015-02-04 14:19:56]  Connection [id: 0][route: {}->http://www.tuling123.com:80] can be kept alive indefinitely
550  DEBUG [2015-02-04 14:19:56]  Connection released: [id: 0][route: {}->http://www.tuling123.com:80][total kept alive: 1; route allocated: 1 of 2; total allocated: 1 of 20]
